<?xml version="1.0" encoding="UTF-8"?>
<testng-results ignored="0" total="1" passed="1" failed="0" skipped="0">
  <reporter-output>
  </reporter-output>
  <suite started-at="2023-07-25T21:30:39 IST" name="Default suite" finished-at="2023-07-25T21:31:10 IST" duration-ms="30525">
    <groups>
    </groups>
    <test started-at="2023-07-25T21:30:39 IST" name="Default test" finished-at="2023-07-25T21:31:10 IST" duration-ms="30525">
      <class name="test.Drsheth_test">
        <test-method is-config="true" signature="setup()[pri:0, instance:test.Drsheth_test@235ecd9f]" started-at="2023-07-25T21:30:39 IST" name="setup" finished-at="2023-07-25T21:30:48 IST" duration-ms="8159" status="PASS">
          <reporter-output>
          </reporter-output>
        </test-method> <!-- setup -->
        <test-method signature="testing()[pri:0, instance:test.Drsheth_test@235ecd9f]" started-at="2023-07-25T21:30:48 IST" name="testing" finished-at="2023-07-25T21:31:10 IST" duration-ms="22301" status="PASS">
          <reporter-output>
          </reporter-output>
        </test-method> <!-- testing -->
      </class> <!-- test.Drsheth_test -->
    </test> <!-- Default test -->
  </suite> <!-- Default suite -->
</testng-results>
